Looking for git in: git
Using git 2.19.1 from git
> git rev-parse --show-toplevel
> git config --get commit.template
Open repository: /home/carlos/Documents/Pelis/movies
> git status -z -u
> git symbolic-ref --short HEAD
> git rev-parse master
> git rev-parse --symbolic-full-name master@{u}
fatal: no upstream configured for branch 'master'
> git for-each-ref --format %(refname) %(objectname) --sort -committerdate
> git remote --verbose
> git check-ignore -z --stdin
> git show :server.js
> git ls-files --stage -- ./
> git status -z -u
> git symbolic-ref --short HEAD
> git rev-parse master
> git rev-parse --symbolic-full-name master@{u}
fatal: no upstream configured for branch 'master'
> git for-each-ref --format %(refname) %(objectname) --sort -committerdate
> git remote --verbose
> git check-ignore -z --stdin
> git check-ignore -z --stdin
> git check-ignore -z --stdin
> git show :src/app/movies/movies.module.ts
> git ls-files --stage -- src/app/movies/
> git check-ignore -z --stdin
> git show :src/app/movies/movie-list/movie-list.component.html
> git ls-files --stage -- src/app/movies/movie-list/
> git show :src/app/movies/movie-list/movie-list.component.spec.ts
> git ls-files --stage -- src/app/movies/movie-list/
> git show :src/app/movies/movie-list/movie-list.component.ts
> git ls-files --stage -- src/app/movies/movie-list/
> git show :src/app/movies/movie-list/movie-list.component.html
> git ls-files --stage -- src/app/movies/movie-list/
> git show :src/app/movies/movies.module.ts
> git ls-files --stage -- src/app/movies/
> git show :src/app/movies/movie-list/movie-list.component.html
> git ls-files --stage -- src/app/movies/movie-list/
> git show :src/app/movies/movies.module.ts
> git ls-files --stage -- src/app/movies/
> git show :src/app/movies/movie-list/movie-list.component.ts
> git ls-files --stage -- src/app/movies/movie-list/
> git show :src/app/movies/movie-list/movie-list.component.spec.ts
> git ls-files --stage -- src/app/movies/movie-list/
> git show :src/app/movies/movie-list/movie-list.component.html
> git ls-files --stage -- src/app/movies/movie-list/
> git show :src/app/movies/movie-list/movie-list.component.css
> git ls-files --stage -- src/app/movies/movie-list/
> git show :src/app/movies/movie-list/movie-list.component.html
> git ls-files --stage -- src/app/movies/movie-list/
> git show :server.js
> git ls-files --stage -- ./
> git show :src/app/movies/movie-list/movie-list.component.html
> git ls-files --stage -- src/app/movies/movie-list/
> git show :src/app/movies/movies.module.ts
> git ls-files --stage -- src/app/movies/
> git show :server.js
> git ls-files --stage -- ./
> git show :src/app/movies/movie-list/movie-list.component.ts
> git ls-files --stage -- src/app/movies/movie-list/
> git show :src/app/movies/movie-list/movie-list.component.css
> git ls-files --stage -- src/app/movies/movie-list/
> git show :src/app/movies/movie-list/movie-list.component.ts
> git ls-files --stage -- src/app/movies/movie-list/
> git show :src/app/movies/movie-list/movie-list.component.html
> git ls-files --stage -- src/app/movies/movie-list/
> git show :src/app/movies/movies.module.ts
> git ls-files --stage -- src/app/movies/
> git show :src/app/movies/movie-list/movie-list.component.ts
> git ls-files --stage -- src/app/movies/movie-list/
> git check-ignore -z --stdin
> git show :src/app/movie.service.ts
> git ls-files --stage -- src/app/
> git show :src/app/movies/movie-list/movie-list.component.ts
> git ls-files --stage -- src/app/movies/movie-list/
> git show :server.js
> git ls-files --stage -- ./
> git show :src/app/movie.service.ts
> git ls-files --stage -- src/app/
> git show :src/app/movies/movie-list/movie-list.component.ts
> git ls-files --stage -- src/app/movies/movie-list/
> git show :src/app/movie.service.ts
> git ls-files --stage -- src/app/
> git show :server.js
> git ls-files --stage -- ./
> git show :src/app/movies/movie-list/movie-list.component.ts
> git ls-files --stage -- src/app/movies/movie-list/
> git show :src/app/app.module.ts
> git show :src/app/movies/movie-list/movie-list.component.ts
> git ls-files --stage -- src/app/movies/movie-list/
> git show :src/app/movie.service.ts
> git ls-files --stage -- src/app/
> git show :src/app/app.module.ts
> git show :src/app/movie.service.ts
> git ls-files --stage -- src/app/
> git show :src/app/movies/movie-list/movie-list.component.ts
> git ls-files --stage -- src/app/movies/movie-list/
> git show :src/app/app.module.ts
> git show :src/app/movie.service.ts
> git ls-files --stage -- src/app/
> git show :src/app/movies/movie-list/movie-list.component.ts
> git ls-files --stage -- src/app/movies/movie-list/
> git show :src/app/movie.service.ts
> git ls-files --stage -- src/app/
> git show :src/app/app.module.ts
> git show :src/app/movies/movie-list/movie-list.component.ts
> git ls-files --stage -- src/app/movies/movie-list/
> git show :src/app/movie.service.ts
> git ls-files --stage -- src/app/
> git show :server.js
> git ls-files --stage -- ./
> git show :src/app/movies/movie-list/movie-list.component.html
> git ls-files --stage -- src/app/movies/movie-list/
> git show :server.js
> git ls-files --stage -- ./
> git show :src/app/movies/movie-list/movie-list.component.ts
> git ls-files --stage -- src/app/movies/movie-list/
